<?xml version="1.0" encoding="UTF-8"?>
<!-- Generated by org.testng.reporters.JUnitReportReporter -->
<testsuite skipped="0" hostname="Clairvoyant-107" name="com.kamal.RegressionTest" tests="2" failures="0" timestamp="12 Jul 2021 17:46:13 GMT" time="0.008" errors="0">
  <testcase name="TestRegression01" time="0.007" classname="com.kamal.RegressionTest"/>
  <testcase name="TestRegression02" time="0.001" classname="com.kamal.RegressionTest"/>
</testsuite> <!-- com.kamal.RegressionTest -->
