<?xml version="1.0" encoding="UTF-8"?>
<!-- Generated by org.testng.reporters.JUnitReportReporter -->
<testsuite skipped="0" hostname="Clairvoyant-107" name="com.kamal.SmokeTest" tests="2" failures="0" timestamp="12 Jul 2021 17:46:13 GMT" time="0.001" errors="0">
  <testcase name="testSmoke02" time="0.001" classname="com.kamal.SmokeTest"/>
  <testcase name="testSmoke01" time="0.000" classname="com.kamal.SmokeTest"/>
</testsuite> <!-- com.kamal.SmokeTest -->
